<?xml version="1.0" encoding="UTF-8"?>
<!-- Generated by org.testng.reporters.JUnitReportReporter -->
<testsuite hostname="DESKTOP-6B9LPTN" name="practiceRestAssured.UpdatePartiallyToApi" tests="1" failures="0" timestamp="10 Jun 2020 05:30:39 GMT" time="2.738" errors="0">
  <testcase name="updatePartiallyToPostsAPi" time="2.738" classname="practiceRestAssured.UpdatePartiallyToApi"/>
</testsuite> <!-- practiceRestAssured.UpdatePartiallyToApi -->
