<?xml version="1.0" encoding="UTF-8"?>
<!-- Generated by org.testng.reporters.JUnitReportReporter -->
<testsuite hostname="DESKTOP-6B9LPTN" name="practiceRestAssured.UpadateCompletelyToPostsApi" tests="1" failures="0" timestamp="10 Jun 2020 05:29:53 GMT" time="3.870" errors="0">
  <testcase name="upadateToPostsAPi" time="3.870" classname="practiceRestAssured.UpadateCompletelyToPostsApi"/>
</testsuite> <!-- practiceRestAssured.UpadateCompletelyToPostsApi -->
