<?xml version="1.0" encoding="UTF-8"?>
<!-- Generated by org.testng.reporters.JUnitReportReporter -->
<testsuite hostname="DESKTOP-6B9LPTN" name="practiceRestAssured.DeleteFromPostsApi" tests="1" failures="0" timestamp="10 Jun 2020 05:39:51 GMT" time="2.859" errors="0">
  <testcase name="deleteFromPosts" time="2.859" classname="practiceRestAssured.DeleteFromPostsApi"/>
</testsuite> <!-- practiceRestAssured.DeleteFromPostsApi -->
