<?xml version="1.0" encoding="UTF-8"?>
<!-- Generated by org.testng.reporters.JUnitReportReporter -->
<testsuite hostname="DESKTOP-6B9LPTN" name="practiceRestAssured.FetchDataFromPostsApi" tests="1" failures="0" timestamp="9 Jun 2020 04:59:05 GMT" time="2.045" errors="0">
  <testcase name="getDataRequest" time="2.045" classname="practiceRestAssured.FetchDataFromPostsApi"/>
</testsuite> <!-- practiceRestAssured.FetchDataFromPostsApi -->
