<?xml version="1.0" encoding="UTF-8"?>
<!-- Generated by org.testng.reporters.JUnitReportReporter -->
<testsuite hostname="DESKTOP-6B9LPTN" name="practiceRestAssured.FetchAllCountries" tests="1" failures="0" timestamp="12 Jun 2020 07:10:11 GMT" time="4.439" errors="0">
  <testcase name="FetchAllCountriesName" time="4.439" classname="practiceRestAssured.FetchAllCountries"/>
</testsuite> <!-- practiceRestAssured.FetchAllCountries -->
