<?xml version="1.0" encoding="UTF-8"?>
<!-- Generated by org.testng.reporters.JUnitReportReporter -->
<testsuite hostname="DESKTOP-6B9LPTN" name="practiceRestAssured.FetchCurrencyCodes" tests="1" failures="0" timestamp="12 Jun 2020 07:25:07 GMT" time="4.736" errors="0">
  <testcase name="FetchCurrecyCodes" time="4.736" classname="practiceRestAssured.FetchCurrencyCodes"/>
</testsuite> <!-- practiceRestAssured.FetchCurrencyCodes -->
