<?xml version="1.0" encoding="UTF-8"?>
<!-- Generated by org.testng.reporters.JUnitReportReporter -->
<testsuite hostname="DESKTOP-6B9LPTN" name="practiceRestAssured.AddDataToPostsApi" tests="1" failures="0" timestamp="9 Jun 2020 06:58:28 GMT" time="2.702" errors="0">
  <testcase name="postDataToPostsApi" time="2.702" classname="practiceRestAssured.AddDataToPostsApi"/>
</testsuite> <!-- practiceRestAssured.AddDataToPostsApi -->
