<?xml version="1.0" encoding="UTF-8"?>
<!-- Generated by org.testng.reporters.JUnitReportReporter -->
<testsuite hostname="DESKTOP-6B9LPTN" name="practiceRestAssured.FetchNameByCurrencyCode" tests="1" failures="0" timestamp="13 Jun 2020 07:35:23 GMT" time="14.726" errors="0">
  <testcase name="fetchName" time="14.726" classname="practiceRestAssured.FetchNameByCurrencyCode"/>
</testsuite> <!-- practiceRestAssured.FetchNameByCurrencyCode -->
